Using pre-set license
Built from '2021.1/staging' branch; Version is '2021.1.14f1 (51d2f824827f) revision 5362424'; Using compiler version '192528614'; Build Type 'Release'
OS: 'Windows 10 Pro; OS build 19043.1110; Version 2009; 64bit' Language: 'en' Physical Memory: 8113 MB
BatchMode: 1, IsHumanControllingUs: 0, StartBugReporterOnCrash: 0, Is64bit: 1, IsPro: 0

 COMMAND LINE ARGUMENTS:
D:\Program Files\Unity Hub\2021.1.14f1\Editor\Unity.exe
-adb2
-batchMode
-noUpm
-name
AssetImportWorker1
-projectPath
D:/FilipiKnow-Its-Art
-logFile
Logs/AssetImportWorker1.log
-srvPort
61994
Successfully changed project path to: D:/FilipiKnow-Its-Art
D:/FilipiKnow-Its-Art
Using Asset Import Pipeline V2.
Refreshing native plugins compatible for Editor in 154.39 ms, found 2 plugins.
Preloading 0 native plugins for Editor in 0.00 ms.
Initialize engine version: 2021.1.14f1 (51d2f824827f)
[Subsystems] Discovering subsystems at path D:/Program Files/Unity Hub/2021.1.14f1/Editor/Data/Resources/UnitySubsystems
[Subsystems] Discovering subsystems at path D:/FilipiKnow-Its-Art/Assets
GfxDevice: creating device client; threaded=0; jobified=0
Direct3D:
    Version:  Direct3D 11.0 [level 11.1]
    Renderer: NVIDIA GeForce GTX 970 (ID=0x13c2)
    Vendor:   NVIDIA
    VRAM:     4043 MB
    Driver:   27.21.14.6192
Initialize mono
Mono path[0] = 'D:/Program Files/Unity Hub/2021.1.14f1/Editor/Data/Managed'
Mono path[1] = 'D:/Program Files/Unity Hub/2021.1.14f1/Editor/Data/MonoBleedingEdge/lib/mono/unityjit'
Mono config path = 'D:/Program Files/Unity Hub/2021.1.14f1/Editor/Data/MonoBleedingEdge/etc'
Using monoOptions --debugger-agent=transport=dt_socket,embedding=1,server=y,suspend=n,address=127.0.0.1:56436
Begin MonoManager ReloadAssembly
Registering precompiled unity dll's ...
Register platform support module: D:/Program Files/Unity Hub/2021.1.14f1/Editor/Data/PlaybackEngines/WindowsStandaloneSupport/UnityEditor.WindowsStandalone.Extensions.dll
Registered in 0.001956 seconds.
Native extension for WindowsStandalone target not found
Refreshing native plugins compatible for Editor in 83.11 ms, found 2 plugins.
Preloading 0 native plugins for Editor in 0.00 ms.
Mono: successfully reloaded assembly
- Completed reload, in  1.980 seconds
Domain Reload Profiling:
	ReloadAssembly (1981ms)
		BeginReloadAssembly (105ms)
			ExecutionOrderSort (0ms)
			DisableScriptedObjects (0ms)
			BackupInstance (0ms)
			ReleaseScriptingObjects (0ms)
			CreateAndSetChildDomain (1ms)
		EndReloadAssembly (694ms)
			LoadAssemblies (106ms)
			RebuildTransferFunctionScriptingTraits (0ms)
			SetupTypeCache (281ms)
			ReleaseScriptCaches (0ms)
			RebuildScriptCaches (49ms)
			SetupLoadedEditorAssemblies (291ms)
				LogAssemblyErrors (0ms)
				InitializePlatformSupportModulesInManaged (10ms)
				SetLoadedEditorAssemblies (0ms)
				RefreshPlugins (83ms)
				BeforeProcessingInitializeOnLoad (2ms)
				ProcessInitializeOnLoadAttributes (149ms)
				ProcessInitializeOnLoadMethodAttributes (47ms)
				AfterProcessingInitializeOnLoad (0ms)
				EditorAssembliesLoaded (0ms)
			ExecutionOrderSort2 (0ms)
			AwakeInstancesAfterBackupRestoration (0ms)
Platform modules already initialized, skipping
Registering precompiled user dll's ...
Registered in 0.012767 seconds.
Begin MonoManager ReloadAssembly
Native extension for WindowsStandalone target not found
Refreshing native plugins compatible for Editor in 1.16 ms, found 2 plugins.
Preloading 0 native plugins for Editor in 0.00 ms.
Mono: successfully reloaded assembly
- Completed reload, in  2.413 seconds
Domain Reload Profiling:
	ReloadAssembly (2414ms)
		BeginReloadAssembly (245ms)
			ExecutionOrderSort (0ms)
			DisableScriptedObjects (7ms)
			BackupInstance (0ms)
			ReleaseScriptingObjects (0ms)
			CreateAndSetChildDomain (29ms)
		EndReloadAssembly (2083ms)
			LoadAssemblies (176ms)
			RebuildTransferFunctionScriptingTraits (0ms)
			SetupTypeCache (567ms)
			ReleaseScriptCaches (1ms)
			RebuildScriptCaches (77ms)
			SetupLoadedEditorAssemblies (1144ms)
				LogAssemblyErrors (0ms)
				InitializePlatformSupportModulesInManaged (7ms)
				SetLoadedEditorAssemblies (1ms)
				RefreshPlugins (1ms)
				BeforeProcessingInitializeOnLoad (99ms)
				ProcessInitializeOnLoadAttributes (978ms)
				ProcessInitializeOnLoadMethodAttributes (54ms)
				AfterProcessingInitializeOnLoad (4ms)
				EditorAssembliesLoaded (0ms)
			ExecutionOrderSort2 (0ms)
			AwakeInstancesAfterBackupRestoration (9ms)
Platform modules already initialized, skipping
========================================================================
Worker process is ready to serve import requests
Launched and connected shader compiler UnityShaderCompiler.exe after 0.13 seconds
Refreshing native plugins compatible for Editor in 0.95 ms, found 2 plugins.
Preloading 0 native plugins for Editor in 0.00 ms.
Unloading 2667 Unused Serialized files (Serialized files now loaded: 0)
System memory in use before: 119.9 MB.
System memory in use after: 120.1 MB.

Unloading 70 unused Assets to reduce memory usage. Loaded Objects now: 3088.
Total: 9.547200 ms (FindLiveObjects: 0.330100 ms CreateObjectMapping: 0.273700 ms MarkObjects: 8.854300 ms  DeleteObjects: 0.087500 ms)

AssetImportParameters requested are different than current active one (requested -> active):
  custom:framework-win-MediaFoundation: 216162199b28c13a410421893ffa2e32 -> 
  custom:video-decoder-ogg-theora: a1e56fd34408186e4bbccfd4996cb3dc -> 
  custom:container-muxer-webm: aa71ff27fc2769a1b78a27578f13a17b -> 
  custom:container-demuxer-webm: 4f35f7cbe854078d1ac9338744f61a02 -> 
  custom:container-demuxer-ogg: 62fdf1f143b41e24485cea50d1cbac27 -> 
  custom:video-encoder-webm-vp8: eb34c28f22e8b96e1ab97ce403110664 -> 
  custom:video-decoder-webm-vp8: 9c59270c3fd7afecdb556c50c9e8de78 -> 
  custom:audio-decoder-ogg-vorbis: bf7c407c2cedff20999df2af8eb42d56 -> 
  custom:audio-encoder-webm-vorbis: bf7c407c2cedff20999df2af8eb42d56 -> 
========================================================================
Received Import Request.
  path: Assets/Scenes/MainMenu.unity
  artifactKey: Guid(90d9ece714593b74baba70435c3a550b) Importer(815301076,1909f56bfc062723c751e8b465ee728b)
Start importing Assets/Scenes/MainMenu.unity using Guid(90d9ece714593b74baba70435c3a550b) Importer(815301076,1909f56bfc062723c751e8b465ee728b)  -> (artifact id: 'ecf74aa51c40188a97f21f93c7cf5afc') in 0.026408 seconds 
========================================================================
Received Prepare
Refreshing native plugins compatible for Editor in 23.41 ms, found 2 plugins.
Preloading 0 native plugins for Editor in 0.00 ms.
Unloading 57 Unused Serialized files (Serialized files now loaded: 0)
System memory in use before: 67.0 MB.
System memory in use after: 67.2 MB.

Unloading 57 unused Assets to reduce memory usage. Loaded Objects now: 3088.
Total: 10.763000 ms (FindLiveObjects: 0.260100 ms CreateObjectMapping: 0.174400 ms MarkObjects: 10.282400 ms  DeleteObjects: 0.044400 ms)

AssetImportParameters requested are different than current active one (requested -> active):
  custom:framework-win-MediaFoundation: 216162199b28c13a410421893ffa2e32 -> 
  custom:video-decoder-ogg-theora: a1e56fd34408186e4bbccfd4996cb3dc -> 
  custom:container-muxer-webm: aa71ff27fc2769a1b78a27578f13a17b -> 
  custom:container-demuxer-webm: 4f35f7cbe854078d1ac9338744f61a02 -> 
  custom:container-demuxer-ogg: 62fdf1f143b41e24485cea50d1cbac27 -> 
  custom:video-encoder-webm-vp8: eb34c28f22e8b96e1ab97ce403110664 -> 
  custom:video-decoder-webm-vp8: 9c59270c3fd7afecdb556c50c9e8de78 -> 
  custom:audio-decoder-ogg-vorbis: bf7c407c2cedff20999df2af8eb42d56 -> 
  custom:audio-encoder-webm-vorbis: bf7c407c2cedff20999df2af8eb42d56 -> 
========================================================================
Received Import Request.
  Time since last request: 192.526986 seconds.
  path: Assets/Scenes/ScoreMenu.unity
  artifactKey: Guid(7220afbe18e8aed46af7f6159d8b8fc6) Importer(815301076,1909f56bfc062723c751e8b465ee728b)
Start importing Assets/Scenes/ScoreMenu.unity using Guid(7220afbe18e8aed46af7f6159d8b8fc6) Importer(815301076,1909f56bfc062723c751e8b465ee728b)  -> (artifact id: 'f12ced8257e8923c492165a62b3b0698') in 0.007710 seconds 
========================================================================
Received Prepare
Registering precompiled user dll's ...
Registered in 0.009916 seconds.
Begin MonoManager ReloadAssembly
Native extension for WindowsStandalone target not found
Refreshing native plugins compatible for Editor in 1.60 ms, found 2 plugins.
Preloading 0 native plugins for Editor in 0.00 ms.
Mono: successfully reloaded assembly
- Completed reload, in  1.563 seconds
Domain Reload Profiling:
	ReloadAssembly (1563ms)
		BeginReloadAssembly (155ms)
			ExecutionOrderSort (0ms)
			DisableScriptedObjects (8ms)
			BackupInstance (0ms)
			ReleaseScriptingObjects (0ms)
			CreateAndSetChildDomain (50ms)
		EndReloadAssembly (1351ms)
			LoadAssemblies (128ms)
			RebuildTransferFunctionScriptingTraits (0ms)
			SetupTypeCache (390ms)
			ReleaseScriptCaches (1ms)
			RebuildScriptCaches (56ms)
			SetupLoadedEditorAssemblies (658ms)
				LogAssemblyErrors (0ms)
				InitializePlatformSupportModulesInManaged (5ms)
				SetLoadedEditorAssemblies (0ms)
				RefreshPlugins (2ms)
				BeforeProcessingInitializeOnLoad (70ms)
				ProcessInitializeOnLoadAttributes (536ms)
				ProcessInitializeOnLoadMethodAttributes (42ms)
				AfterProcessingInitializeOnLoad (3ms)
				EditorAssembliesLoaded (0ms)
			ExecutionOrderSort2 (0ms)
			AwakeInstancesAfterBackupRestoration (8ms)
Platform modules already initialized, skipping
Switching build target platform(19) subTarget(0) extendedPlatform(0) -> platform(13) subTarget(589828) extendedPlatform(0)
Refreshing native plugins compatible for Editor in 1.40 ms, found 2 plugins.
Preloading 0 native plugins for Editor in 0.00 ms.
Unloading 2650 Unused Serialized files (Serialized files now loaded: 0)
System memory in use before: 118.4 MB.
System memory in use after: 118.7 MB.

Unloading 61 unused Assets to reduce memory usage. Loaded Objects now: 3093.
Total: 8.940400 ms (FindLiveObjects: 0.248300 ms CreateObjectMapping: 0.129400 ms MarkObjects: 8.522800 ms  DeleteObjects: 0.038300 ms)

AssetImportParameters requested are different than current active one (requested -> active):
  custom:framework-win-MediaFoundation: 216162199b28c13a410421893ffa2e32 -> 
  custom:video-decoder-ogg-theora: a1e56fd34408186e4bbccfd4996cb3dc -> 
  custom:container-muxer-webm: aa71ff27fc2769a1b78a27578f13a17b -> 
  custom:container-demuxer-webm: 4f35f7cbe854078d1ac9338744f61a02 -> 
  custom:container-demuxer-ogg: 62fdf1f143b41e24485cea50d1cbac27 -> 
  custom:video-encoder-webm-vp8: eb34c28f22e8b96e1ab97ce403110664 -> 
  custom:video-decoder-webm-vp8: 9c59270c3fd7afecdb556c50c9e8de78 -> 
  custom:graphics/normal-map-encoding: 01000000000000000000000000000000 -> 02000000000000000000000000000000
  custom:audio-decoder-ogg-vorbis: bf7c407c2cedff20999df2af8eb42d56 -> 
  custom:audio-encoder-webm-vorbis: bf7c407c2cedff20999df2af8eb42d56 -> 
========================================================================
Received Prepare
Registering precompiled user dll's ...
Registered in 0.021774 seconds.
Begin MonoManager ReloadAssembly
Native extension for WindowsStandalone target not found
Refreshing native plugins compatible for Editor in 1.64 ms, found 2 plugins.
Preloading 0 native plugins for Editor in 0.00 ms.
Mono: successfully reloaded assembly
- Completed reload, in  1.603 seconds
Domain Reload Profiling:
	ReloadAssembly (1604ms)
		BeginReloadAssembly (145ms)
			ExecutionOrderSort (0ms)
			DisableScriptedObjects (6ms)
			BackupInstance (0ms)
			ReleaseScriptingObjects (0ms)
			CreateAndSetChildDomain (48ms)
		EndReloadAssembly (1398ms)
			LoadAssemblies (132ms)
			RebuildTransferFunctionScriptingTraits (0ms)
			SetupTypeCache (391ms)
			ReleaseScriptCaches (2ms)
			RebuildScriptCaches (56ms)
			SetupLoadedEditorAssemblies (675ms)
				LogAssemblyErrors (0ms)
				InitializePlatformSupportModulesInManaged (5ms)
				SetLoadedEditorAssemblies (1ms)
				RefreshPlugins (2ms)
				BeforeProcessingInitializeOnLoad (84ms)
				ProcessInitializeOnLoadAttributes (542ms)
				ProcessInitializeOnLoadMethodAttributes (37ms)
				AfterProcessingInitializeOnLoad (3ms)
				EditorAssembliesLoaded (0ms)
			ExecutionOrderSort2 (0ms)
			AwakeInstancesAfterBackupRestoration (9ms)
Platform modules already initialized, skipping
Switching build target platform(19) subTarget(0) extendedPlatform(0) -> platform(13) subTarget(589828) extendedPlatform(0)
Refreshing native plugins compatible for Editor in 0.89 ms, found 2 plugins.
Preloading 0 native plugins for Editor in 0.00 ms.
Unloading 2650 Unused Serialized files (Serialized files now loaded: 0)
System memory in use before: 118.5 MB.
System memory in use after: 118.7 MB.

Unloading 61 unused Assets to reduce memory usage. Loaded Objects now: 3098.
Total: 7.571800 ms (FindLiveObjects: 0.493200 ms CreateObjectMapping: 0.151400 ms MarkObjects: 6.864000 ms  DeleteObjects: 0.061400 ms)

AssetImportParameters requested are different than current active one (requested -> active):
  custom:framework-win-MediaFoundation: 216162199b28c13a410421893ffa2e32 -> 
  custom:video-decoder-ogg-theora: a1e56fd34408186e4bbccfd4996cb3dc -> 
  custom:container-muxer-webm: aa71ff27fc2769a1b78a27578f13a17b -> 
  custom:container-demuxer-webm: 4f35f7cbe854078d1ac9338744f61a02 -> 
  custom:container-demuxer-ogg: 62fdf1f143b41e24485cea50d1cbac27 -> 
  custom:video-encoder-webm-vp8: eb34c28f22e8b96e1ab97ce403110664 -> 
  custom:video-decoder-webm-vp8: 9c59270c3fd7afecdb556c50c9e8de78 -> 
  custom:graphics/normal-map-encoding: 01000000000000000000000000000000 -> 02000000000000000000000000000000
  custom:audio-decoder-ogg-vorbis: bf7c407c2cedff20999df2af8eb42d56 -> 
  custom:audio-encoder-webm-vorbis: bf7c407c2cedff20999df2af8eb42d56 -> 
========================================================================
Received Import Request.
  Time since last request: 539.312283 seconds.
  path: Assets/UniScripts/SFXManager.cs
  artifactKey: Guid(6b61f35ecb5c4124da054bcf474dbc87) Importer(815301076,1909f56bfc062723c751e8b465ee728b)
Start importing Assets/UniScripts/SFXManager.cs using Guid(6b61f35ecb5c4124da054bcf474dbc87) Importer(815301076,1909f56bfc062723c751e8b465ee728b)  -> (artifact id: '8380e1e5d380ce7cfdfcc1c2c123faf6') in 0.068149 seconds 
========================================================================
Received Prepare
Registering precompiled user dll's ...
Registered in 0.011349 seconds.
Begin MonoManager ReloadAssembly
Native extension for WindowsStandalone target not found
Refreshing native plugins compatible for Editor in 0.86 ms, found 2 plugins.
Preloading 0 native plugins for Editor in 0.00 ms.
Mono: successfully reloaded assembly
- Completed reload, in  1.558 seconds
Domain Reload Profiling:
	ReloadAssembly (1558ms)
		BeginReloadAssembly (150ms)
			ExecutionOrderSort (0ms)
			DisableScriptedObjects (6ms)
			BackupInstance (0ms)
			ReleaseScriptingObjects (0ms)
			CreateAndSetChildDomain (51ms)
		EndReloadAssembly (1350ms)
			LoadAssemblies (135ms)
			RebuildTransferFunctionScriptingTraits (0ms)
			SetupTypeCache (394ms)
			ReleaseScriptCaches (1ms)
			RebuildScriptCaches (54ms)
			SetupLoadedEditorAssemblies (651ms)
				LogAssemblyErrors (0ms)
				InitializePlatformSupportModulesInManaged (4ms)
				SetLoadedEditorAssemblies (0ms)
				RefreshPlugins (1ms)
				BeforeProcessingInitializeOnLoad (76ms)
				ProcessInitializeOnLoadAttributes (530ms)
				ProcessInitializeOnLoadMethodAttributes (36ms)
				AfterProcessingInitializeOnLoad (3ms)
				EditorAssembliesLoaded (0ms)
			ExecutionOrderSort2 (0ms)
			AwakeInstancesAfterBackupRestoration (10ms)
Platform modules already initialized, skipping
Switching build target platform(19) subTarget(0) extendedPlatform(0) -> platform(13) subTarget(589828) extendedPlatform(0)
Refreshing native plugins compatible for Editor in 0.77 ms, found 2 plugins.
Preloading 0 native plugins for Editor in 0.00 ms.
Unloading 2651 Unused Serialized files (Serialized files now loaded: 0)
System memory in use before: 118.5 MB.
System memory in use after: 118.8 MB.

Unloading 61 unused Assets to reduce memory usage. Loaded Objects now: 3104.
Total: 8.861600 ms (FindLiveObjects: 0.516500 ms CreateObjectMapping: 0.204100 ms MarkObjects: 8.066300 ms  DeleteObjects: 0.073700 ms)

AssetImportParameters requested are different than current active one (requested -> active):
  custom:framework-win-MediaFoundation: 216162199b28c13a410421893ffa2e32 -> 
  custom:video-decoder-ogg-theora: a1e56fd34408186e4bbccfd4996cb3dc -> 
  custom:container-muxer-webm: aa71ff27fc2769a1b78a27578f13a17b -> 
  custom:container-demuxer-webm: 4f35f7cbe854078d1ac9338744f61a02 -> 
  custom:container-demuxer-ogg: 62fdf1f143b41e24485cea50d1cbac27 -> 
  custom:video-encoder-webm-vp8: eb34c28f22e8b96e1ab97ce403110664 -> 
  custom:video-decoder-webm-vp8: 9c59270c3fd7afecdb556c50c9e8de78 -> 
  custom:graphics/normal-map-encoding: 01000000000000000000000000000000 -> 02000000000000000000000000000000
  custom:audio-decoder-ogg-vorbis: bf7c407c2cedff20999df2af8eb42d56 -> 
  custom:audio-encoder-webm-vorbis: bf7c407c2cedff20999df2af8eb42d56 -> 
========================================================================
Received Import Request.
  Time since last request: 63.557249 seconds.
  path: Assets/UniScripts/SfxManager.cs
  artifactKey: Guid(6b61f35ecb5c4124da054bcf474dbc87) Importer(815301076,1909f56bfc062723c751e8b465ee728b)
Start importing Assets/UniScripts/SfxManager.cs using Guid(6b61f35ecb5c4124da054bcf474dbc87) Importer(815301076,1909f56bfc062723c751e8b465ee728b)  -> (artifact id: '654d982330a43da226e7e1e6ba8fee21') in 0.012381 seconds 
========================================================================
Received Prepare
Registering precompiled user dll's ...
Registered in 0.010264 seconds.
Begin MonoManager ReloadAssembly
Native extension for WindowsStandalone target not found
Refreshing native plugins compatible for Editor in 0.75 ms, found 2 plugins.
Preloading 0 native plugins for Editor in 0.00 ms.
Mono: successfully reloaded assembly
- Completed reload, in  1.563 seconds
Domain Reload Profiling:
	ReloadAssembly (1563ms)
		BeginReloadAssembly (168ms)
			ExecutionOrderSort (0ms)
			DisableScriptedObjects (9ms)
			BackupInstance (0ms)
			ReleaseScriptingObjects (0ms)
			CreateAndSetChildDomain (62ms)
		EndReloadAssembly (1333ms)
			LoadAssemblies (137ms)
			RebuildTransferFunctionScriptingTraits (0ms)
			SetupTypeCache (372ms)
			ReleaseScriptCaches (1ms)
			RebuildScriptCaches (55ms)
			SetupLoadedEditorAssemblies (660ms)
				LogAssemblyErrors (0ms)
				InitializePlatformSupportModulesInManaged (4ms)
				SetLoadedEditorAssemblies (0ms)
				RefreshPlugins (1ms)
				BeforeProcessingInitializeOnLoad (71ms)
				ProcessInitializeOnLoadAttributes (537ms)
				ProcessInitializeOnLoadMethodAttributes (45ms)
				AfterProcessingInitializeOnLoad (3ms)
				EditorAssembliesLoaded (0ms)
			ExecutionOrderSort2 (0ms)
			AwakeInstancesAfterBackupRestoration (9ms)
Platform modules already initialized, skipping
Switching build target platform(19) subTarget(0) extendedPlatform(0) -> platform(13) subTarget(589828) extendedPlatform(0)
Refreshing native plugins compatible for Editor in 0.89 ms, found 2 plugins.
Preloading 0 native plugins for Editor in 0.00 ms.
Unloading 2651 Unused Serialized files (Serialized files now loaded: 0)
System memory in use before: 118.6 MB.
System memory in use after: 118.8 MB.

Unloading 61 unused Assets to reduce memory usage. Loaded Objects now: 3109.
Total: 7.486800 ms (FindLiveObjects: 0.225400 ms CreateObjectMapping: 0.114800 ms MarkObjects: 7.061200 ms  DeleteObjects: 0.084200 ms)

AssetImportParameters requested are different than current active one (requested -> active):
  custom:framework-win-MediaFoundation: 216162199b28c13a410421893ffa2e32 -> 
  custom:video-decoder-ogg-theora: a1e56fd34408186e4bbccfd4996cb3dc -> 
  custom:container-muxer-webm: aa71ff27fc2769a1b78a27578f13a17b -> 
  custom:container-demuxer-webm: 4f35f7cbe854078d1ac9338744f61a02 -> 
  custom:container-demuxer-ogg: 62fdf1f143b41e24485cea50d1cbac27 -> 
  custom:video-encoder-webm-vp8: eb34c28f22e8b96e1ab97ce403110664 -> 
  custom:video-decoder-webm-vp8: 9c59270c3fd7afecdb556c50c9e8de78 -> 
  custom:graphics/normal-map-encoding: 01000000000000000000000000000000 -> 02000000000000000000000000000000
  custom:audio-decoder-ogg-vorbis: bf7c407c2cedff20999df2af8eb42d56 -> 
  custom:audio-encoder-webm-vorbis: bf7c407c2cedff20999df2af8eb42d56 -> 
========================================================================
Received Prepare
Registering precompiled user dll's ...
Registered in 0.011970 seconds.
Begin MonoManager ReloadAssembly
Native extension for WindowsStandalone target not found
Refreshing native plugins compatible for Editor in 0.75 ms, found 2 plugins.
Preloading 0 native plugins for Editor in 0.00 ms.
Mono: successfully reloaded assembly
- Completed reload, in  1.602 seconds
Domain Reload Profiling:
	ReloadAssembly (1603ms)
		BeginReloadAssembly (152ms)
			ExecutionOrderSort (0ms)
			DisableScriptedObjects (7ms)
			BackupInstance (0ms)
			ReleaseScriptingObjects (0ms)
			CreateAndSetChildDomain (51ms)
		EndReloadAssembly (1390ms)
			LoadAssemblies (134ms)
			RebuildTransferFunctionScriptingTraits (0ms)
			SetupTypeCache (404ms)
			ReleaseScriptCaches (2ms)
			RebuildScriptCaches (58ms)
			SetupLoadedEditorAssemblies (669ms)
				LogAssemblyErrors (0ms)
				InitializePlatformSupportModulesInManaged (5ms)
				SetLoadedEditorAssemblies (1ms)
				RefreshPlugins (1ms)
				BeforeProcessingInitializeOnLoad (75ms)
				ProcessInitializeOnLoadAttributes (549ms)
				ProcessInitializeOnLoadMethodAttributes (37ms)
				AfterProcessingInitializeOnLoad (2ms)
				EditorAssembliesLoaded (0ms)
			ExecutionOrderSort2 (0ms)
			AwakeInstancesAfterBackupRestoration (9ms)
Platform modules already initialized, skipping
Switching build target platform(19) subTarget(0) extendedPlatform(0) -> platform(13) subTarget(589828) extendedPlatform(0)
Refreshing native plugins compatible for Editor in 1.00 ms, found 2 plugins.
Preloading 0 native plugins for Editor in 0.00 ms.
Unloading 2650 Unused Serialized files (Serialized files now loaded: 0)
System memory in use before: 118.5 MB.
System memory in use after: 118.7 MB.

Unloading 61 unused Assets to reduce memory usage. Loaded Objects now: 3114.
Total: 9.616400 ms (FindLiveObjects: 0.456500 ms CreateObjectMapping: 0.229100 ms MarkObjects: 8.870200 ms  DeleteObjects: 0.059600 ms)

AssetImportParameters requested are different than current active one (requested -> active):
  custom:framework-win-MediaFoundation: 216162199b28c13a410421893ffa2e32 -> 
  custom:video-decoder-ogg-theora: a1e56fd34408186e4bbccfd4996cb3dc -> 
  custom:container-muxer-webm: aa71ff27fc2769a1b78a27578f13a17b -> 
  custom:container-demuxer-webm: 4f35f7cbe854078d1ac9338744f61a02 -> 
  custom:container-demuxer-ogg: 62fdf1f143b41e24485cea50d1cbac27 -> 
  custom:video-encoder-webm-vp8: eb34c28f22e8b96e1ab97ce403110664 -> 
  custom:video-decoder-webm-vp8: 9c59270c3fd7afecdb556c50c9e8de78 -> 
  custom:graphics/normal-map-encoding: 01000000000000000000000000000000 -> 02000000000000000000000000000000
  custom:audio-decoder-ogg-vorbis: bf7c407c2cedff20999df2af8eb42d56 -> 
  custom:audio-encoder-webm-vorbis: bf7c407c2cedff20999df2af8eb42d56 -> 
========================================================================
Received Prepare
Registering precompiled user dll's ...
Registered in 0.011226 seconds.
Begin MonoManager ReloadAssembly
Native extension for WindowsStandalone target not found
Refreshing native plugins compatible for Editor in 1.71 ms, found 2 plugins.
Preloading 0 native plugins for Editor in 0.00 ms.
Mono: successfully reloaded assembly
- Completed reload, in  1.544 seconds
Domain Reload Profiling:
	ReloadAssembly (1544ms)
		BeginReloadAssembly (158ms)
			ExecutionOrderSort (0ms)
			DisableScriptedObjects (8ms)
			BackupInstance (0ms)
			ReleaseScriptingObjects (0ms)
			CreateAndSetChildDomain (48ms)
		EndReloadAssembly (1324ms)
			LoadAssemblies (128ms)
			RebuildTransferFunctionScriptingTraits (0ms)
			SetupTypeCache (371ms)
			ReleaseScriptCaches (1ms)
			RebuildScriptCaches (55ms)
			SetupLoadedEditorAssemblies (649ms)
				LogAssemblyErrors (0ms)
				InitializePlatformSupportModulesInManaged (4ms)
				SetLoadedEditorAssemblies (0ms)
				RefreshPlugins (2ms)
				BeforeProcessingInitializeOnLoad (68ms)
				ProcessInitializeOnLoadAttributes (534ms)
				ProcessInitializeOnLoadMethodAttributes (37ms)
				AfterProcessingInitializeOnLoad (2ms)
				EditorAssembliesLoaded (0ms)
			ExecutionOrderSort2 (0ms)
			AwakeInstancesAfterBackupRestoration (10ms)
Platform modules already initialized, skipping
Switching build target platform(19) subTarget(0) extendedPlatform(0) -> platform(13) subTarget(589828) extendedPlatform(0)
Refreshing native plugins compatible for Editor in 0.76 ms, found 2 plugins.
Preloading 0 native plugins for Editor in 0.00 ms.
Unloading 2651 Unused Serialized files (Serialized files now loaded: 0)
System memory in use before: 118.6 MB.
System memory in use after: 118.8 MB.

Unloading 61 unused Assets to reduce memory usage. Loaded Objects now: 3120.
Total: 8.875500 ms (FindLiveObjects: 0.221800 ms CreateObjectMapping: 0.116300 ms MarkObjects: 8.452500 ms  DeleteObjects: 0.083600 ms)

AssetImportParameters requested are different than current active one (requested -> active):
  custom:framework-win-MediaFoundation: 216162199b28c13a410421893ffa2e32 -> 
  custom:video-decoder-ogg-theora: a1e56fd34408186e4bbccfd4996cb3dc -> 
  custom:container-muxer-webm: aa71ff27fc2769a1b78a27578f13a17b -> 
  custom:container-demuxer-webm: 4f35f7cbe854078d1ac9338744f61a02 -> 
  custom:container-demuxer-ogg: 62fdf1f143b41e24485cea50d1cbac27 -> 
  custom:video-encoder-webm-vp8: eb34c28f22e8b96e1ab97ce403110664 -> 
  custom:video-decoder-webm-vp8: 9c59270c3fd7afecdb556c50c9e8de78 -> 
  custom:graphics/normal-map-encoding: 01000000000000000000000000000000 -> 02000000000000000000000000000000
  custom:audio-decoder-ogg-vorbis: bf7c407c2cedff20999df2af8eb42d56 -> 
  custom:audio-encoder-webm-vorbis: bf7c407c2cedff20999df2af8eb42d56 -> 
========================================================================
Received Prepare
Registering precompiled user dll's ...
Registered in 0.122871 seconds.
Begin MonoManager ReloadAssembly
Native extension for WindowsStandalone target not found
Refreshing native plugins compatible for Editor in 0.81 ms, found 2 plugins.
Preloading 0 native plugins for Editor in 0.00 ms.
Mono: successfully reloaded assembly
- Completed reload, in  5.945 seconds
Domain Reload Profiling:
	ReloadAssembly (5945ms)
		BeginReloadAssembly (149ms)
			ExecutionOrderSort (0ms)
			DisableScriptedObjects (6ms)
			BackupInstance (0ms)
			ReleaseScriptingObjects (0ms)
			CreateAndSetChildDomain (45ms)
		EndReloadAssembly (5087ms)
			LoadAssemblies (1380ms)
			RebuildTransferFunctionScriptingTraits (0ms)
			SetupTypeCache (377ms)
			ReleaseScriptCaches (1ms)
			RebuildScriptCaches (59ms)
			SetupLoadedEditorAssemblies (2066ms)
				LogAssemblyErrors (0ms)
				InitializePlatformSupportModulesInManaged (4ms)
				SetLoadedEditorAssemblies (0ms)
				RefreshPlugins (1ms)
				BeforeProcessingInitializeOnLoad (69ms)
				ProcessInitializeOnLoadAttributes (1950ms)
				ProcessInitializeOnLoadMethodAttributes (38ms)
				AfterProcessingInitializeOnLoad (3ms)
				EditorAssembliesLoaded (0ms)
			ExecutionOrderSort2 (0ms)
			AwakeInstancesAfterBackupRestoration (9ms)
Platform modules already initialized, skipping
Switching build target platform(19) subTarget(0) extendedPlatform(0) -> platform(13) subTarget(589828) extendedPlatform(0)
Refreshing native plugins compatible for Editor in 0.75 ms, found 2 plugins.
Preloading 0 native plugins for Editor in 0.00 ms.
Unloading 2651 Unused Serialized files (Serialized files now loaded: 0)
System memory in use before: 118.6 MB.
System memory in use after: 118.8 MB.

Unloading 61 unused Assets to reduce memory usage. Loaded Objects now: 3125.
Total: 7.506800 ms (FindLiveObjects: 0.257100 ms CreateObjectMapping: 0.114500 ms MarkObjects: 7.086500 ms  DeleteObjects: 0.047400 ms)

AssetImportParameters requested are different than current active one (requested -> active):
  custom:framework-win-MediaFoundation: 216162199b28c13a410421893ffa2e32 -> 
  custom:video-decoder-ogg-theora: a1e56fd34408186e4bbccfd4996cb3dc -> 
  custom:container-muxer-webm: aa71ff27fc2769a1b78a27578f13a17b -> 
  custom:container-demuxer-webm: 4f35f7cbe854078d1ac9338744f61a02 -> 
  custom:container-demuxer-ogg: 62fdf1f143b41e24485cea50d1cbac27 -> 
  custom:video-encoder-webm-vp8: eb34c28f22e8b96e1ab97ce403110664 -> 
  custom:video-decoder-webm-vp8: 9c59270c3fd7afecdb556c50c9e8de78 -> 
  custom:graphics/normal-map-encoding: 01000000000000000000000000000000 -> 02000000000000000000000000000000
  custom:audio-decoder-ogg-vorbis: bf7c407c2cedff20999df2af8eb42d56 -> 
  custom:audio-encoder-webm-vorbis: bf7c407c2cedff20999df2af8eb42d56 -> 
========================================================================
Received Import Request.
  Time since last request: 424.107401 seconds.
  path: Assets/TextMesh Pro/MainMenu.cs
  artifactKey: Guid(f5f96fe008f6dac4f942e03a34fb430d) Importer(815301076,1909f56bfc062723c751e8b465ee728b)
Start importing Assets/TextMesh Pro/MainMenu.cs using Guid(f5f96fe008f6dac4f942e03a34fb430d) Importer(815301076,1909f56bfc062723c751e8b465ee728b)  -> (artifact id: 'c7ee12f6d964b93d22c5dc9b80b63bf0') in 0.017506 seconds 
========================================================================
Received Import Request.
  Time since last request: 41.262509 seconds.
  path: Assets/TextMesh Pro/NewBehaviourScript.cs
  artifactKey: Guid(2d7f70a38c91a6140bc78e02303c62ca) Importer(815301076,1909f56bfc062723c751e8b465ee728b)
Start importing Assets/TextMesh Pro/NewBehaviourScript.cs using Guid(2d7f70a38c91a6140bc78e02303c62ca) Importer(815301076,1909f56bfc062723c751e8b465ee728b)  -> (artifact id: '81a927caba34695bf9182e7fe668a331') in 0.022644 seconds 
========================================================================
Received Import Request.
  Time since last request: 55.368592 seconds.
  path: Assets/UtilScript/Assets.cs
  artifactKey: Guid(eda7ff5f6e8175c4da119ea9ed256f6d) Importer(815301076,1909f56bfc062723c751e8b465ee728b)
Start importing Assets/UtilScript/Assets.cs using Guid(eda7ff5f6e8175c4da119ea9ed256f6d) Importer(815301076,1909f56bfc062723c751e8b465ee728b)  -> (artifact id: '1738bcade02ea59e04d26a84c1a86722') in 0.011468 seconds 
========================================================================
Received Import Request.
  Time since last request: 43.921366 seconds.
  path: Assets/Scenes/SettingsMenu.unity
  artifactKey: Guid(fe31a43ff832b6349bfcff64ff7ed164) Importer(815301076,1909f56bfc062723c751e8b465ee728b)
Start importing Assets/Scenes/SettingsMenu.unity using Guid(fe31a43ff832b6349bfcff64ff7ed164) Importer(815301076,1909f56bfc062723c751e8b465ee728b)  -> (artifact id: '96b4298c3f7a3ca6ee7899a42136f268') in 0.079314 seconds 
========================================================================
Received Import Request.
  Time since last request: 36.701122 seconds.
  path: Assets/Game Functions/SETTINGS/SettingsDesign.jpg
  artifactKey: Guid(2ec5a1b9f76d75c4dbf5c19597edba92) Importer(815301076,1909f56bfc062723c751e8b465ee728b)
Start importing Assets/Game Functions/SETTINGS/SettingsDesign.jpg using Guid(2ec5a1b9f76d75c4dbf5c19597edba92) Importer(815301076,1909f56bfc062723c751e8b465ee728b)  -> (artifact id: '4ff6fd2ef7220ed9598658524228f385') in 0.206349 seconds 
========================================================================
Received Import Request.
  Time since last request: 0.072896 seconds.
  path: Assets/Game Functions/SETTINGS/SettingsBG.jpg
  artifactKey: Guid(4dad2c93cf44df14eb5433513e6d0d7e) Importer(815301076,1909f56bfc062723c751e8b465ee728b)
Start importing Assets/Game Functions/SETTINGS/SettingsBG.jpg using Guid(4dad2c93cf44df14eb5433513e6d0d7e) Importer(815301076,1909f56bfc062723c751e8b465ee728b)  -> (artifact id: 'bd9f83f3621e61e98be3c99cf9a91eff') in 0.053331 seconds 
========================================================================
Received Import Request.
  Time since last request: 12.477222 seconds.
  path: Assets/Game Functions/SETTINGS/options.png
  artifactKey: Guid(cdffba492a9505b47b5cd98186e990ed) Importer(815301076,1909f56bfc062723c751e8b465ee728b)
Start importing Assets/Game Functions/SETTINGS/options.png using Guid(cdffba492a9505b47b5cd98186e990ed) Importer(815301076,1909f56bfc062723c751e8b465ee728b)  -> (artifact id: 'baba6b6cce351e294bbf80c2d4d0385a') in 0.617684 seconds 
========================================================================
Received Import Request.
  Time since last request: 101.010648 seconds.
  path: Assets/Scenes/MainMenu.unity
  artifactKey: Guid(90d9ece714593b74baba70435c3a550b) Importer(815301076,1909f56bfc062723c751e8b465ee728b)
Start importing Assets/Scenes/MainMenu.unity using Guid(90d9ece714593b74baba70435c3a550b) Importer(815301076,1909f56bfc062723c751e8b465ee728b)  -> (artifact id: '5530ec17270841e9a2d5313bfd68c516') in 0.010634 seconds 
========================================================================
Received Import Request.
  Time since last request: 23.120524 seconds.
  path: Assets/Game Functions/CATEGORIES/1natart.png
  artifactKey: Guid(e97cf2aa991cb954db09f6c1df60e71f) Importer(815301076,1909f56bfc062723c751e8b465ee728b)
Start importing Assets/Game Functions/CATEGORIES/1natart.png using Guid(e97cf2aa991cb954db09f6c1df60e71f) Importer(815301076,1909f56bfc062723c751e8b465ee728b)  -> (artifact id: 'c2c589bb80305ed75b504df5db11dbbd') in 0.168765 seconds 
========================================================================
Received Import Request.
  Time since last request: 0.000303 seconds.
  path: Assets/Game Functions/PLAY/PLAYHOST/1player.png
  artifactKey: Guid(b60eb294f016cf249aa8ace9b161c91c) Importer(815301076,1909f56bfc062723c751e8b465ee728b)
Start importing Assets/Game Functions/PLAY/PLAYHOST/1player.png using Guid(b60eb294f016cf249aa8ace9b161c91c) Importer(815301076,1909f56bfc062723c751e8b465ee728b)  -> (artifact id: '14430c3681ce28f939f6ea91812dabc2') in 0.041996 seconds 
========================================================================
Received Import Request.
  Time since last request: 0.000364 seconds.
  path: Assets/Game Assets/PLAY/PLAYHOST/1player.png
  artifactKey: Guid(94658a81741142242a5acb2f40736d0f) Importer(815301076,1909f56bfc062723c751e8b465ee728b)
Start importing Assets/Game Assets/PLAY/PLAYHOST/1player.png using Guid(94658a81741142242a5acb2f40736d0f) Importer(815301076,1909f56bfc062723c751e8b465ee728b)  -> (artifact id: 'e4de64629ab2eb3bcf9036e29e181ac8') in 0.033520 seconds 
========================================================================
Received Import Request.
  Time since last request: 0.000384 seconds.
  path: Assets/Game Functions/CATEGORIES/2gamaba.png
  artifactKey: Guid(78a152cab18ff3a4db90c5911aa134a6) Importer(815301076,1909f56bfc062723c751e8b465ee728b)
Start importing Assets/Game Functions/CATEGORIES/2gamaba.png using Guid(78a152cab18ff3a4db90c5911aa134a6) Importer(815301076,1909f56bfc062723c751e8b465ee728b)  -> (artifact id: 'a429d407940b3edcc9c073b0e7843e2e') in 0.202836 seconds 
========================================================================
Received Prepare
Registering precompiled user dll's ...
Registered in 0.024024 seconds.
Begin MonoManager ReloadAssembly
Native extension for WindowsStandalone target not found
Refreshing native plugins compatible for Editor in 0.88 ms, found 2 plugins.
Preloading 0 native plugins for Editor in 0.00 ms.
Mono: successfully reloaded assembly
- Completed reload, in  2.025 seconds
Domain Reload Profiling:
	ReloadAssembly (2026ms)
		BeginReloadAssembly (156ms)
			ExecutionOrderSort (0ms)
			DisableScriptedObjects (8ms)
			BackupInstance (0ms)
			ReleaseScriptingObjects (0ms)
			CreateAndSetChildDomain (55ms)
		EndReloadAssembly (1809ms)
			LoadAssemblies (133ms)
			RebuildTransferFunctionScriptingTraits (0ms)
			SetupTypeCache (412ms)
			ReleaseScriptCaches (1ms)
			RebuildScriptCaches (59ms)
			SetupLoadedEditorAssemblies (686ms)
				LogAssemblyErrors (0ms)
				InitializePlatformSupportModulesInManaged (6ms)
				SetLoadedEditorAssemblies (0ms)
				RefreshPlugins (1ms)
				BeforeProcessingInitializeOnLoad (69ms)
				ProcessInitializeOnLoadAttributes (570ms)
				ProcessInitializeOnLoadMethodAttributes (36ms)
				AfterProcessingInitializeOnLoad (3ms)
				EditorAssembliesLoaded (0ms)
			ExecutionOrderSort2 (0ms)
			AwakeInstancesAfterBackupRestoration (14ms)
Platform modules already initialized, skipping
Switching build target platform(19) subTarget(0) extendedPlatform(0) -> platform(13) subTarget(589828) extendedPlatform(0)
Refreshing native plugins compatible for Editor in 0.76 ms, found 2 plugins.
Preloading 0 native plugins for Editor in 0.00 ms.
Unloading 2658 Unused Serialized files (Serialized files now loaded: 0)
System memory in use before: 174.6 MB.
System memory in use after: 174.8 MB.

Unloading 61 unused Assets to reduce memory usage. Loaded Objects now: 3247.
Total: 8.265800 ms (FindLiveObjects: 0.240100 ms CreateObjectMapping: 0.106200 ms MarkObjects: 7.850800 ms  DeleteObjects: 0.067100 ms)

AssetImportParameters requested are different than current active one (requested -> active):
  custom:framework-win-MediaFoundation: 216162199b28c13a410421893ffa2e32 -> 
  custom:video-decoder-ogg-theora: a1e56fd34408186e4bbccfd4996cb3dc -> 
  custom:container-muxer-webm: aa71ff27fc2769a1b78a27578f13a17b -> 
  custom:container-demuxer-webm: 4f35f7cbe854078d1ac9338744f61a02 -> 
  custom:container-demuxer-ogg: 62fdf1f143b41e24485cea50d1cbac27 -> 
  custom:video-encoder-webm-vp8: eb34c28f22e8b96e1ab97ce403110664 -> 
  custom:video-decoder-webm-vp8: 9c59270c3fd7afecdb556c50c9e8de78 -> 
  custom:graphics/normal-map-encoding: 01000000000000000000000000000000 -> 02000000000000000000000000000000
  custom:audio-decoder-ogg-vorbis: bf7c407c2cedff20999df2af8eb42d56 -> 
  custom:audio-encoder-webm-vorbis: bf7c407c2cedff20999df2af8eb42d56 -> 
========================================================================
Received Prepare
Registering precompiled user dll's ...
Registered in 0.009270 seconds.
Begin MonoManager ReloadAssembly
Native extension for WindowsStandalone target not found
Refreshing native plugins compatible for Editor in 0.81 ms, found 2 plugins.
Preloading 0 native plugins for Editor in 0.00 ms.
Mono: successfully reloaded assembly
- Completed reload, in  1.633 seconds
Domain Reload Profiling:
	ReloadAssembly (1633ms)
		BeginReloadAssembly (147ms)
			ExecutionOrderSort (0ms)
			DisableScriptedObjects (7ms)
			BackupInstance (0ms)
			ReleaseScriptingObjects (0ms)
			CreateAndSetChildDomain (45ms)
		EndReloadAssembly (1426ms)
			LoadAssemblies (126ms)
			RebuildTransferFunctionScriptingTraits (0ms)
			SetupTypeCache (411ms)
			ReleaseScriptCaches (1ms)
			RebuildScriptCaches (65ms)
			SetupLoadedEditorAssemblies (680ms)
				LogAssemblyErrors (0ms)
				InitializePlatformSupportModulesInManaged (6ms)
				SetLoadedEditorAssemblies (0ms)
				RefreshPlugins (1ms)
				BeforeProcessingInitializeOnLoad (73ms)
				ProcessInitializeOnLoadAttributes (562ms)
				ProcessInitializeOnLoadMethodAttributes (35ms)
				AfterProcessingInitializeOnLoad (2ms)
				EditorAssembliesLoaded (0ms)
			ExecutionOrderSort2 (0ms)
			AwakeInstancesAfterBackupRestoration (14ms)
Platform modules already initialized, skipping
Switching build target platform(19) subTarget(0) extendedPlatform(0) -> platform(13) subTarget(589828) extendedPlatform(0)
Refreshing native plugins compatible for Editor in 1.07 ms, found 2 plugins.
Preloading 0 native plugins for Editor in 0.00 ms.
Unloading 2651 Unused Serialized files (Serialized files now loaded: 0)
System memory in use before: 174.3 MB.
System memory in use after: 174.6 MB.

Unloading 61 unused Assets to reduce memory usage. Loaded Objects now: 3252.
Total: 6.486500 ms (FindLiveObjects: 0.245100 ms CreateObjectMapping: 0.120800 ms MarkObjects: 6.080500 ms  DeleteObjects: 0.038700 ms)

AssetImportParameters requested are different than current active one (requested -> active):
  custom:framework-win-MediaFoundation: 216162199b28c13a410421893ffa2e32 -> 
  custom:video-decoder-ogg-theora: a1e56fd34408186e4bbccfd4996cb3dc -> 
  custom:container-muxer-webm: aa71ff27fc2769a1b78a27578f13a17b -> 
  custom:container-demuxer-webm: 4f35f7cbe854078d1ac9338744f61a02 -> 
  custom:container-demuxer-ogg: 62fdf1f143b41e24485cea50d1cbac27 -> 
  custom:video-encoder-webm-vp8: eb34c28f22e8b96e1ab97ce403110664 -> 
  custom:video-decoder-webm-vp8: 9c59270c3fd7afecdb556c50c9e8de78 -> 
  custom:graphics/normal-map-encoding: 01000000000000000000000000000000 -> 02000000000000000000000000000000
  custom:audio-decoder-ogg-vorbis: bf7c407c2cedff20999df2af8eb42d56 -> 
  custom:audio-encoder-webm-vorbis: bf7c407c2cedff20999df2af8eb42d56 -> 
========================================================================
Received Import Request.
  Time since last request: 206.618689 seconds.
  path: Assets/Game Functions/SOUNDS/LosingSound.mp3
  artifactKey: Guid(09814dd945bdd4b4889ca1103ddf6e4c) Importer(815301076,1909f56bfc062723c751e8b465ee728b)
Start importing Assets/Game Functions/SOUNDS/LosingSound.mp3 using Guid(09814dd945bdd4b4889ca1103ddf6e4c) Importer(815301076,1909f56bfc062723c751e8b465ee728b)  -> (artifact id: '9f792334f9bf8284e5b24be5f2e6c127') in 0.228193 seconds 
========================================================================
Received Import Request.
  Time since last request: 0.117212 seconds.
  path: Assets/Game Functions/SOUNDS/ButtonsSound.mp3
  artifactKey: Guid(238ba2d1efbc29f43ae416fda39e6743) Importer(815301076,1909f56bfc062723c751e8b465ee728b)
Start importing Assets/Game Functions/SOUNDS/ButtonsSound.mp3 using Guid(238ba2d1efbc29f43ae416fda39e6743) Importer(815301076,1909f56bfc062723c751e8b465ee728b)  -> (artifact id: '8be13f8fbd3fb4ebd9c48fd1862fce12') in 0.021822 seconds 
========================================================================
Received Import Request.
  Time since last request: 7.571300 seconds.
  path: Assets/Game Functions/SOUNDS/WinningSound.mp3
  artifactKey: Guid(12cd452a3e531aa469f053b97a7e78c9) Importer(815301076,1909f56bfc062723c751e8b465ee728b)
Start importing Assets/Game Functions/SOUNDS/WinningSound.mp3 using Guid(12cd452a3e531aa469f053b97a7e78c9) Importer(815301076,1909f56bfc062723c751e8b465ee728b)  -> (artifact id: '6e147350cbfd5de6752ea7d9f3546960') in 0.018128 seconds 
========================================================================
Received Prepare
Registering precompiled user dll's ...
Registered in 0.879095 seconds.
Begin MonoManager ReloadAssembly
Native extension for WindowsStandalone target not found
Refreshing native plugins compatible for Editor in 0.80 ms, found 2 plugins.
Preloading 0 native plugins for Editor in 0.00 ms.
Mono: successfully reloaded assembly
- Completed reload, in  2.444 seconds
Domain Reload Profiling:
	ReloadAssembly (2445ms)
		BeginReloadAssembly (159ms)
			ExecutionOrderSort (0ms)
			DisableScriptedObjects (8ms)
			BackupInstance (0ms)
			ReleaseScriptingObjects (0ms)
			CreateAndSetChildDomain (48ms)
		EndReloadAssembly (2224ms)
			LoadAssemblies (826ms)
			RebuildTransferFunctionScriptingTraits (0ms)
			SetupTypeCache (397ms)
			ReleaseScriptCaches (1ms)
			RebuildScriptCaches (56ms)
			SetupLoadedEditorAssemblies (761ms)
				LogAssemblyErrors (0ms)
				InitializePlatformSupportModulesInManaged (5ms)
				SetLoadedEditorAssemblies (0ms)
				RefreshPlugins (1ms)
				BeforeProcessingInitializeOnLoad (70ms)
				ProcessInitializeOnLoadAttributes (644ms)
				ProcessInitializeOnLoadMethodAttributes (39ms)
				AfterProcessingInitializeOnLoad (2ms)
				EditorAssembliesLoaded (0ms)
			ExecutionOrderSort2 (0ms)
			AwakeInstancesAfterBackupRestoration (16ms)
Platform modules already initialized, skipping
Switching build target platform(19) subTarget(0) extendedPlatform(0) -> platform(13) subTarget(589828) extendedPlatform(0)
Refreshing native plugins compatible for Editor in 0.75 ms, found 2 plugins.
Preloading 0 native plugins for Editor in 0.00 ms.
Unloading 2651 Unused Serialized files (Serialized files now loaded: 0)
System memory in use before: 174.3 MB.
System memory in use after: 174.5 MB.

Unloading 61 unused Assets to reduce memory usage. Loaded Objects now: 3264.
Total: 10.425000 ms (FindLiveObjects: 0.226300 ms CreateObjectMapping: 0.104900 ms MarkObjects: 10.020700 ms  DeleteObjects: 0.071100 ms)

AssetImportParameters requested are different than current active one (requested -> active):
  custom:framework-win-MediaFoundation: 216162199b28c13a410421893ffa2e32 -> 
  custom:video-decoder-ogg-theora: a1e56fd34408186e4bbccfd4996cb3dc -> 
  custom:container-muxer-webm: aa71ff27fc2769a1b78a27578f13a17b -> 
  custom:container-demuxer-webm: 4f35f7cbe854078d1ac9338744f61a02 -> 
  custom:container-demuxer-ogg: 62fdf1f143b41e24485cea50d1cbac27 -> 
  custom:video-encoder-webm-vp8: eb34c28f22e8b96e1ab97ce403110664 -> 
  custom:video-decoder-webm-vp8: 9c59270c3fd7afecdb556c50c9e8de78 -> 
  custom:graphics/normal-map-encoding: 01000000000000000000000000000000 -> 02000000000000000000000000000000
  custom:audio-decoder-ogg-vorbis: bf7c407c2cedff20999df2af8eb42d56 -> 
  custom:audio-encoder-webm-vorbis: bf7c407c2cedff20999df2af8eb42d56 -> 
========================================================================
Received Import Request.
  Time since last request: 287.125603 seconds.
  path: Assets/Scenes/AvatarMenu.unity
  artifactKey: Guid(3310c0df9fad38748a9f0ed3c6a35e95) Importer(815301076,1909f56bfc062723c751e8b465ee728b)
Start importing Assets/Scenes/AvatarMenu.unity using Guid(3310c0df9fad38748a9f0ed3c6a35e95) Importer(815301076,1909f56bfc062723c751e8b465ee728b)  -> (artifact id: 'c83da73f73bb44a8bed5bbd486729305') in 0.025389 seconds 
========================================================================
Received Import Request.
  Time since last request: 0.000348 seconds.
  path: Assets/Scenes/GameLobby.unity
  artifactKey: Guid(e55a1636ffe554b49b0f7ddc3fb5db8b) Importer(815301076,1909f56bfc062723c751e8b465ee728b)
Start importing Assets/Scenes/GameLobby.unity using Guid(e55a1636ffe554b49b0f7ddc3fb5db8b) Importer(815301076,1909f56bfc062723c751e8b465ee728b)  -> (artifact id: '7ce68daec3e342e2ab32f4f11adc6396') in 0.009807 seconds 
========================================================================
Received Import Request.
  Time since last request: 0.000319 seconds.
  path: Assets/Scenes/PlayGame.unity
  artifactKey: Guid(ff75cb856da796446b7a43bd203bdef5) Importer(815301076,1909f56bfc062723c751e8b465ee728b)
Start importing Assets/Scenes/PlayGame.unity using Guid(ff75cb856da796446b7a43bd203bdef5) Importer(815301076,1909f56bfc062723c751e8b465ee728b)  -> (artifact id: 'c85f039271de8cbc19941aeddd94309d') in 0.012637 seconds 
========================================================================
Received Import Request.
  Time since last request: 0.000334 seconds.
  path: Assets/Scenes/SettingsMenuSettings.lighting
  artifactKey: Guid(5b28cdcbf80be3b43b4b32c534a21cd2) Importer(815301076,1909f56bfc062723c751e8b465ee728b)
Start importing Assets/Scenes/SettingsMenuSettings.lighting using Guid(5b28cdcbf80be3b43b4b32c534a21cd2) Importer(815301076,1909f56bfc062723c751e8b465ee728b)  -> (artifact id: '1fb5cc7db7047dc94a8e67f864d593c0') in 0.041595 seconds 
========================================================================
Received Import Request.
  Time since last request: 0.003183 seconds.
  path: Assets/Scenes/GAME_Solo-Scene.unity
  artifactKey: Guid(9bac94674e281cd4aa7ed73904e87e52) Importer(815301076,1909f56bfc062723c751e8b465ee728b)
Start importing Assets/Scenes/GAME_Solo-Scene.unity using Guid(9bac94674e281cd4aa7ed73904e87e52) Importer(815301076,1909f56bfc062723c751e8b465ee728b)  -> (artifact id: '2ef4c23d69353c189fcb3951d12ff7cc') in 0.017722 seconds 
========================================================================
Received Prepare
Registering precompiled user dll's ...
Registered in 0.013302 seconds.
Begin MonoManager ReloadAssembly
Native extension for WindowsStandalone target not found
Refreshing native plugins compatible for Editor in 1.56 ms, found 2 plugins.
Preloading 0 native plugins for Editor in 0.00 ms.
Mono: successfully reloaded assembly
- Completed reload, in  1.756 seconds
Domain Reload Profiling:
	ReloadAssembly (1756ms)
		BeginReloadAssembly (167ms)
			ExecutionOrderSort (0ms)
			DisableScriptedObjects (12ms)
			BackupInstance (0ms)
			ReleaseScriptingObjects (0ms)
			CreateAndSetChildDomain (50ms)
		EndReloadAssembly (1527ms)
			LoadAssemblies (151ms)
			RebuildTransferFunctionScriptingTraits (0ms)
			SetupTypeCache (431ms)
			ReleaseScriptCaches (2ms)
			RebuildScriptCaches (64ms)
			SetupLoadedEditorAssemblies (720ms)
				LogAssemblyErrors (0ms)
				InitializePlatformSupportModulesInManaged (5ms)
				SetLoadedEditorAssemblies (1ms)
				RefreshPlugins (2ms)
				BeforeProcessingInitializeOnLoad (71ms)
				ProcessInitializeOnLoadAttributes (591ms)
				ProcessInitializeOnLoadMethodAttributes (45ms)
				AfterProcessingInitializeOnLoad (5ms)
				EditorAssembliesLoaded (0ms)
			ExecutionOrderSort2 (0ms)
			AwakeInstancesAfterBackupRestoration (16ms)
Platform modules already initialized, skipping
Switching build target platform(19) subTarget(0) extendedPlatform(0) -> platform(13) subTarget(589828) extendedPlatform(0)
Refreshing native plugins compatible for Editor in 0.88 ms, found 2 plugins.
Preloading 0 native plugins for Editor in 0.00 ms.
Unloading 2651 Unused Serialized files (Serialized files now loaded: 0)
System memory in use before: 174.4 MB.
System memory in use after: 174.6 MB.

Unloading 61 unused Assets to reduce memory usage. Loaded Objects now: 3269.
Total: 8.384300 ms (FindLiveObjects: 0.232300 ms CreateObjectMapping: 0.103000 ms MarkObjects: 7.999200 ms  DeleteObjects: 0.048600 ms)

AssetImportParameters requested are different than current active one (requested -> active):
  custom:framework-win-MediaFoundation: 216162199b28c13a410421893ffa2e32 -> 
  custom:video-decoder-ogg-theora: a1e56fd34408186e4bbccfd4996cb3dc -> 
  custom:container-muxer-webm: aa71ff27fc2769a1b78a27578f13a17b -> 
  custom:container-demuxer-webm: 4f35f7cbe854078d1ac9338744f61a02 -> 
  custom:container-demuxer-ogg: 62fdf1f143b41e24485cea50d1cbac27 -> 
  custom:video-encoder-webm-vp8: eb34c28f22e8b96e1ab97ce403110664 -> 
  custom:video-decoder-webm-vp8: 9c59270c3fd7afecdb556c50c9e8de78 -> 
  custom:graphics/normal-map-encoding: 01000000000000000000000000000000 -> 02000000000000000000000000000000
  custom:audio-decoder-ogg-vorbis: bf7c407c2cedff20999df2af8eb42d56 -> 
  custom:audio-encoder-webm-vorbis: bf7c407c2cedff20999df2af8eb42d56 -> 
========================================================================
Received Prepare
Registering precompiled user dll's ...
Registered in 0.010801 seconds.
Begin MonoManager ReloadAssembly
Native extension for WindowsStandalone target not found
Refreshing native plugins compatible for Editor in 1.25 ms, found 2 plugins.
Preloading 0 native plugins for Editor in 0.00 ms.
Mono: successfully reloaded assembly
- Completed reload, in  1.749 seconds
Domain Reload Profiling:
	ReloadAssembly (1749ms)
		BeginReloadAssembly (187ms)
			ExecutionOrderSort (0ms)
			DisableScriptedObjects (11ms)
			BackupInstance (0ms)
			ReleaseScriptingObjects (0ms)
			CreateAndSetChildDomain (81ms)
		EndReloadAssembly (1493ms)
			LoadAssemblies (143ms)
			RebuildTransferFunctionScriptingTraits (0ms)
			SetupTypeCache (408ms)
			ReleaseScriptCaches (1ms)
			RebuildScriptCaches (60ms)
			SetupLoadedEditorAssemblies (708ms)
				LogAssemblyErrors (0ms)
				InitializePlatformSupportModulesInManaged (5ms)
				SetLoadedEditorAssemblies (1ms)
				RefreshPlugins (1ms)
				BeforeProcessingInitializeOnLoad (71ms)
				ProcessInitializeOnLoadAttributes (587ms)
				ProcessInitializeOnLoadMethodAttributes (39ms)
				AfterProcessingInitializeOnLoad (4ms)
				EditorAssembliesLoaded (0ms)
			ExecutionOrderSort2 (0ms)
			AwakeInstancesAfterBackupRestoration (16ms)
Platform modules already initialized, skipping
Switching build target platform(19) subTarget(0) extendedPlatform(0) -> platform(13) subTarget(589828) extendedPlatform(0)
Refreshing native plugins compatible for Editor in 1.11 ms, found 2 plugins.
Preloading 0 native plugins for Editor in 0.00 ms.
Unloading 2651 Unused Serialized files (Serialized files now loaded: 0)
System memory in use before: 174.4 MB.
System memory in use after: 174.6 MB.

Unloading 61 unused Assets to reduce memory usage. Loaded Objects now: 3274.
Total: 8.627800 ms (FindLiveObjects: 0.389400 ms CreateObjectMapping: 0.312200 ms MarkObjects: 7.852800 ms  DeleteObjects: 0.072200 ms)

AssetImportParameters requested are different than current active one (requested -> active):
  custom:framework-win-MediaFoundation: 216162199b28c13a410421893ffa2e32 -> 
  custom:video-decoder-ogg-theora: a1e56fd34408186e4bbccfd4996cb3dc -> 
  custom:container-muxer-webm: aa71ff27fc2769a1b78a27578f13a17b -> 
  custom:container-demuxer-webm: 4f35f7cbe854078d1ac9338744f61a02 -> 
  custom:container-demuxer-ogg: 62fdf1f143b41e24485cea50d1cbac27 -> 
  custom:video-encoder-webm-vp8: eb34c28f22e8b96e1ab97ce403110664 -> 
  custom:video-decoder-webm-vp8: 9c59270c3fd7afecdb556c50c9e8de78 -> 
  custom:graphics/normal-map-encoding: 01000000000000000000000000000000 -> 02000000000000000000000000000000
  custom:audio-decoder-ogg-vorbis: bf7c407c2cedff20999df2af8eb42d56 -> 
  custom:audio-encoder-webm-vorbis: bf7c407c2cedff20999df2af8eb42d56 -> 
========================================================================
Received Import Request.
  Time since last request: 241.064491 seconds.
  path: Assets/Scenes/MainMenu.unity
  artifactKey: Guid(90d9ece714593b74baba70435c3a550b) Importer(815301076,1909f56bfc062723c751e8b465ee728b)
Start importing Assets/Scenes/MainMenu.unity using Guid(90d9ece714593b74baba70435c3a550b) Importer(815301076,1909f56bfc062723c751e8b465ee728b)  -> (artifact id: '00000000000000000000000000000000') in 2.247747 seconds  code(4) message(Build asset version error: assets/scenes/mainmenu.unity in SourceAssetDB has modification time of '2021-08-06T16:42:02.4406932Z' while content on disk has modification time of '0001-01-01T00:00:00Z' with error code 2
Stacktrace:
0x00007ff61d4daf6c (Unity) StackWalker::GetCurrentCallstack
0x00007ff61d4e1109 (Unity) StackWalker::ShowCallstack
0x00007ff61dcd66d3 (Unity) GetStacktrace
0x00007ff61de09759 (Unity) GetAssetHashAndValidate
0x00007ff61de04dfa (Unity) AssetVersionBuilder::BuildHashOfSourceAssetArray
0x00007ff61de030b7 (Unity) AssetVersionBuilder::BuildAssetVersion
0x00007ff61ddddfc9 (Unity) CreateAssetVersionBuilder
0x00007ff61dde42d2 (Unity) ImportToObjects
0x00007ff61dde30a8 (Unity) ImportAsset
0x00007ff61dd8179f (Unity) AssetImportWorker::Import
0x00007ff61dda47c2 (Unity) <lambda_9a0c3c600e605f826d039b184a304624>::operator()
0x00007ff61de2af42 (Unity) asio::detail::completion_handler<core::mutable_function<void __cdecl(void)> >::do_complete
0x00007ff61de2d1b0 (Unity) asio::detail::win_iocp_io_service::do_one
0x00007ff61de3089e (Unity) asio::io_service::run
0x00007ff61ddccd7a (Unity) RunAssetImportWorkerClientV2
0x00007ff61ddccdd0 (Unity) RunAssetImporterV2
0x00007ff61d8d0677 (Unity) Application::InitializeProject
0x00007ff61dcdfd77 (Unity) WinMain
0x00007ff61f80f402 (Unity) __scrt_common_main_seh
0x00007ff983b17034 (KERNEL32) BaseThreadInitThunk
0x00007ff985a82651 (ntdll) RtlUserThreadStart
)
  ERROR: Build asset version error: assets/scenes/mainmenu.unity in SourceAssetDB has modification time of '2021-08-06T16:42:02.4406932Z' while content on disk has modification time of '0001-01-01T00:00:00Z' with error code 2
Stacktrace:
0x00007ff61d4daf6c (Unity) StackWalker::GetCurrentCallstack
0x00007ff61d4e1109 (Unity) StackWalker::ShowCallstack
0x00007ff61dcd66d3 (Unity) GetStacktrace
0x00007ff61de09759 (Unity) GetAssetHashAndValidate
0x00007ff61de04dfa (Unity) AssetVersionBuilder::BuildHashOfSourceAssetArray
0x00007ff61de030b7 (Unity) AssetVersionBuilder::BuildAssetVersion
0x00007ff61ddddfc9 (Unity) CreateAssetVersionBuilder
0x00007ff61dde42d2 (Unity) ImportToObjects
0x00007ff61dde30a8 (Unity) ImportAsset
0x00007ff61dd8179f (Unity) AssetImportWorker::Import
0x00007ff61dda47c2 (Unity) <lambda_9a0c3c600e605f826d039b184a304624>::operator()
0x00007ff61de2af42 (Unity) asio::detail::completion_handler<core::mutable_function<void __cdecl(void)> >::do_complete
0x00007ff61de2d1b0 (Unity) asio::detail::win_iocp_io_service::do_one
0x00007ff61de3089e (Unity) asio::io_service::run
0x00007ff61ddccd7a (Unity) RunAssetImportWorkerClientV2
0x00007ff61ddccdd0 (Unity) RunAssetImporterV2
0x00007ff61d8d0677 (Unity) Application::InitializeProject
0x00007ff61dcdfd77 (Unity) WinMain
0x00007ff61f80f402 (Unity) __scrt_common_main_seh
0x00007ff983b17034 (KERNEL32) BaseThreadInitThunk
0x00007ff985a82651 (ntdll) RtlUserThreadStart

========================================================================
Received Import Request.
  Time since last request: 11.596011 seconds.
  path: Assets/Scenes/PlayGame.unity
  artifactKey: Guid(ff75cb856da796446b7a43bd203bdef5) Importer(815301076,1909f56bfc062723c751e8b465ee728b)
Start importing Assets/Scenes/PlayGame.unity using Guid(ff75cb856da796446b7a43bd203bdef5) Importer(815301076,1909f56bfc062723c751e8b465ee728b)  -> (artifact id: 'dad73b5f928cea8e744128327004b81f') in 0.004674 seconds 
========================================================================
Received Import Request.
  Time since last request: 1.051794 seconds.
  path: Assets/Scenes/LeaderBoards.unity
  artifactKey: Guid(1366d4adca6857142aa6058167f19cc5) Importer(815301076,1909f56bfc062723c751e8b465ee728b)
Start importing Assets/Scenes/LeaderBoards.unity using Guid(1366d4adca6857142aa6058167f19cc5) Importer(815301076,1909f56bfc062723c751e8b465ee728b)  -> (artifact id: '1be45e40337ba1adcf74577dad880dde') in 0.010566 seconds 
========================================================================
Received Import Request.
  Time since last request: 20.206980 seconds.
  path: Assets/Scenes/Help.unity
  artifactKey: Guid(fdc495f8665fc0a41944241988f0be59) Importer(815301076,1909f56bfc062723c751e8b465ee728b)
Start importing Assets/Scenes/Help.unity using Guid(fdc495f8665fc0a41944241988f0be59) Importer(815301076,1909f56bfc062723c751e8b465ee728b)  -> (artifact id: '17abb3ac4fa1ad9244f57359d6654540') in 0.009538 seconds 
========================================================================
Received Import Request.
  Time since last request: 8.997340 seconds.
  path: Assets/Scenes/AdminMenu.unity
  artifactKey: Guid(3e726c47ec371e3439539642cba3e259) Importer(815301076,1909f56bfc062723c751e8b465ee728b)
Start importing Assets/Scenes/AdminMenu.unity using Guid(3e726c47ec371e3439539642cba3e259) Importer(815301076,1909f56bfc062723c751e8b465ee728b)  -> (artifact id: '05f6db41ec6bc3161f8adf3e911f0c17') in 0.010176 seconds 
========================================================================
Received Import Request.
  Time since last request: 42.105037 seconds.
  path: Assets/Scenes/MainMenu.unity
  artifactKey: Guid(90d9ece714593b74baba70435c3a550b) Importer(815301076,1909f56bfc062723c751e8b465ee728b)
Start importing Assets/Scenes/MainMenu.unity using Guid(90d9ece714593b74baba70435c3a550b) Importer(815301076,1909f56bfc062723c751e8b465ee728b)  -> (artifact id: '00000000000000000000000000000000') in 0.002836 seconds  code(4) message(Build asset version error: assets/scenes/mainmenu.unity in SourceAssetDB has modification time of '2021-08-06T16:42:02.4406932Z' while content on disk has modification time of '0001-01-01T00:00:00Z' with error code 2
Stacktrace:
0x00007ff61d4daf6c (Unity) StackWalker::GetCurrentCallstack
0x00007ff61d4e1109 (Unity) StackWalker::ShowCallstack
0x00007ff61dcd66d3 (Unity) GetStacktrace
0x00007ff61de09759 (Unity) GetAssetHashAndValidate
0x00007ff61de04dfa (Unity) AssetVersionBuilder::BuildHashOfSourceAssetArray
0x00007ff61de030b7 (Unity) AssetVersionBuilder::BuildAssetVersion
0x00007ff61ddddfc9 (Unity) CreateAssetVersionBuilder
0x00007ff61dde42d2 (Unity) ImportToObjects
0x00007ff61dde30a8 (Unity) ImportAsset
0x00007ff61dd8179f (Unity) AssetImportWorker::Import
0x00007ff61dda47c2 (Unity) <lambda_9a0c3c600e605f826d039b184a304624>::operator()
0x00007ff61de2af42 (Unity) asio::detail::completion_handler<core::mutable_function<void __cdecl(void)> >::do_complete
0x00007ff61de2d1b0 (Unity) asio::detail::win_iocp_io_service::do_one
0x00007ff61de3089e (Unity) asio::io_service::run
0x00007ff61ddccd7a (Unity) RunAssetImportWorkerClientV2
0x00007ff61ddccdd0 (Unity) RunAssetImporterV2
0x00007ff61d8d0677 (Unity) Application::InitializeProject
0x00007ff61dcdfd77 (Unity) WinMain
0x00007ff61f80f402 (Unity) __scrt_common_main_seh
0x00007ff983b17034 (KERNEL32) BaseThreadInitThunk
0x00007ff985a82651 (ntdll) RtlUserThreadStart
)
  ERROR: Build asset version error: assets/scenes/mainmenu.unity in SourceAssetDB has modification time of '2021-08-06T16:42:02.4406932Z' while content on disk has modification time of '0001-01-01T00:00:00Z' with error code 2
Stacktrace:
0x00007ff61d4daf6c (Unity) StackWalker::GetCurrentCallstack
0x00007ff61d4e1109 (Unity) StackWalker::ShowCallstack
0x00007ff61dcd66d3 (Unity) GetStacktrace
0x00007ff61de09759 (Unity) GetAssetHashAndValidate
0x00007ff61de04dfa (Unity) AssetVersionBuilder::BuildHashOfSourceAssetArray
0x00007ff61de030b7 (Unity) AssetVersionBuilder::BuildAssetVersion
0x00007ff61ddddfc9 (Unity) CreateAssetVersionBuilder
0x00007ff61dde42d2 (Unity) ImportToObjects
0x00007ff61dde30a8 (Unity) ImportAsset
0x00007ff61dd8179f (Unity) AssetImportWorker::Import
0x00007ff61dda47c2 (Unity) <lambda_9a0c3c600e605f826d039b184a304624>::operator()
0x00007ff61de2af42 (Unity) asio::detail::completion_handler<core::mutable_function<void __cdecl(void)> >::do_complete
0x00007ff61de2d1b0 (Unity) asio::detail::win_iocp_io_service::do_one
0x00007ff61de3089e (Unity) asio::io_service::run
0x00007ff61ddccd7a (Unity) RunAssetImportWorkerClientV2
0x00007ff61ddccdd0 (Unity) RunAssetImporterV2
0x00007ff61d8d0677 (Unity) Application::InitializeProject
0x00007ff61dcdfd77 (Unity) WinMain
0x00007ff61f80f402 (Unity) __scrt_common_main_seh
0x00007ff983b17034 (KERNEL32) BaseThreadInitThunk
0x00007ff985a82651 (ntdll) RtlUserThreadStart

========================================================================
Received Prepare
Registering precompiled user dll's ...
Registered in 0.010379 seconds.
Begin MonoManager ReloadAssembly
Native extension for WindowsStandalone target not found
Refreshing native plugins compatible for Editor in 0.84 ms, found 2 plugins.
Preloading 0 native plugins for Editor in 0.00 ms.
Mono: successfully reloaded assembly
- Completed reload, in  1.665 seconds
Domain Reload Profiling:
	ReloadAssembly (1665ms)
		BeginReloadAssembly (160ms)
			ExecutionOrderSort (0ms)
			DisableScriptedObjects (9ms)
			BackupInstance (0ms)
			ReleaseScriptingObjects (0ms)
			CreateAndSetChildDomain (44ms)
		EndReloadAssembly (1442ms)
			LoadAssemblies (138ms)
			RebuildTransferFunctionScriptingTraits (0ms)
			SetupTypeCache (396ms)
			ReleaseScriptCaches (1ms)
			RebuildScriptCaches (59ms)
			SetupLoadedEditorAssemblies (689ms)
				LogAssemblyErrors (0ms)
				InitializePlatformSupportModulesInManaged (6ms)
				SetLoadedEditorAssemblies (1ms)
				RefreshPlugins (1ms)
				BeforeProcessingInitializeOnLoad (79ms)
				ProcessInitializeOnLoadAttributes (557ms)
				ProcessInitializeOnLoadMethodAttributes (41ms)
				AfterProcessingInitializeOnLoad (5ms)
				EditorAssembliesLoaded (0ms)
			ExecutionOrderSort2 (0ms)
			AwakeInstancesAfterBackupRestoration (16ms)
Platform modules already initialized, skipping
Switching build target platform(19) subTarget(0) extendedPlatform(0) -> platform(13) subTarget(589828) extendedPlatform(0)
Refreshing native plugins compatible for Editor in 0.74 ms, found 2 plugins.
Preloading 0 native plugins for Editor in 0.00 ms.
Unloading 2651 Unused Serialized files (Serialized files now loaded: 0)
System memory in use before: 174.5 MB.
System memory in use after: 174.7 MB.

Unloading 61 unused Assets to reduce memory usage. Loaded Objects now: 3279.
Total: 11.218700 ms (FindLiveObjects: 0.441400 ms CreateObjectMapping: 0.179600 ms MarkObjects: 10.529500 ms  DeleteObjects: 0.066400 ms)

AssetImportParameters requested are different than current active one (requested -> active):
  custom:framework-win-MediaFoundation: 216162199b28c13a410421893ffa2e32 -> 
  custom:video-decoder-ogg-theora: a1e56fd34408186e4bbccfd4996cb3dc -> 
  custom:container-muxer-webm: aa71ff27fc2769a1b78a27578f13a17b -> 
  custom:container-demuxer-webm: 4f35f7cbe854078d1ac9338744f61a02 -> 
  custom:container-demuxer-ogg: 62fdf1f143b41e24485cea50d1cbac27 -> 
  custom:video-encoder-webm-vp8: eb34c28f22e8b96e1ab97ce403110664 -> 
  custom:video-decoder-webm-vp8: 9c59270c3fd7afecdb556c50c9e8de78 -> 
  custom:graphics/normal-map-encoding: 01000000000000000000000000000000 -> 02000000000000000000000000000000
  custom:audio-decoder-ogg-vorbis: bf7c407c2cedff20999df2af8eb42d56 -> 
  custom:audio-encoder-webm-vorbis: bf7c407c2cedff20999df2af8eb42d56 -> 
========================================================================
Received Import Request.
  Time since last request: 71.326485 seconds.
  path: Assets/Scenes/MainMenu.unity
  artifactKey: Guid(90d9ece714593b74baba70435c3a550b) Importer(815301076,1909f56bfc062723c751e8b465ee728b)
Start importing Assets/Scenes/MainMenu.unity using Guid(90d9ece714593b74baba70435c3a550b) Importer(815301076,1909f56bfc062723c751e8b465ee728b)  -> (artifact id: '00000000000000000000000000000000') in 0.013621 seconds  code(4) message(Build asset version error: assets/scenes/mainmenu.unity in SourceAssetDB has modification time of '2021-08-06T16:42:02.4406932Z' while content on disk has modification time of '0001-01-01T00:00:00Z' with error code 2
Stacktrace:
0x00007ff61d4daf6c (Unity) StackWalker::GetCurrentCallstack
0x00007ff61d4e1109 (Unity) StackWalker::ShowCallstack
0x00007ff61dcd66d3 (Unity) GetStacktrace
0x00007ff61de09759 (Unity) GetAssetHashAndValidate
0x00007ff61de04dfa (Unity) AssetVersionBuilder::BuildHashOfSourceAssetArray
0x00007ff61de030b7 (Unity) AssetVersionBuilder::BuildAssetVersion
0x00007ff61ddddfc9 (Unity) CreateAssetVersionBuilder
0x00007ff61dde42d2 (Unity) ImportToObjects
0x00007ff61dde30a8 (Unity) ImportAsset
0x00007ff61dd8179f (Unity) AssetImportWorker::Import
0x00007ff61dda47c2 (Unity) <lambda_9a0c3c600e605f826d039b184a304624>::operator()
0x00007ff61de2af42 (Unity) asio::detail::completion_handler<core::mutable_function<void __cdecl(void)> >::do_complete
0x00007ff61de2d1b0 (Unity) asio::detail::win_iocp_io_service::do_one
0x00007ff61de3089e (Unity) asio::io_service::run
0x00007ff61ddccd7a (Unity) RunAssetImportWorkerClientV2
0x00007ff61ddccdd0 (Unity) RunAssetImporterV2
0x00007ff61d8d0677 (Unity) Application::InitializeProject
0x00007ff61dcdfd77 (Unity) WinMain
0x00007ff61f80f402 (Unity) __scrt_common_main_seh
0x00007ff983b17034 (KERNEL32) BaseThreadInitThunk
0x00007ff985a82651 (ntdll) RtlUserThreadStart
)
  ERROR: Build asset version error: assets/scenes/mainmenu.unity in SourceAssetDB has modification time of '2021-08-06T16:42:02.4406932Z' while content on disk has modification time of '0001-01-01T00:00:00Z' with error code 2
Stacktrace:
0x00007ff61d4daf6c (Unity) StackWalker::GetCurrentCallstack
0x00007ff61d4e1109 (Unity) StackWalker::ShowCallstack
0x00007ff61dcd66d3 (Unity) GetStacktrace
0x00007ff61de09759 (Unity) GetAssetHashAndValidate
0x00007ff61de04dfa (Unity) AssetVersionBuilder::BuildHashOfSourceAssetArray
0x00007ff61de030b7 (Unity) AssetVersionBuilder::BuildAssetVersion
0x00007ff61ddddfc9 (Unity) CreateAssetVersionBuilder
0x00007ff61dde42d2 (Unity) ImportToObjects
0x00007ff61dde30a8 (Unity) ImportAsset
0x00007ff61dd8179f (Unity) AssetImportWorker::Import
0x00007ff61dda47c2 (Unity) <lambda_9a0c3c600e605f826d039b184a304624>::operator()
0x00007ff61de2af42 (Unity) asio::detail::completion_handler<core::mutable_function<void __cdecl(void)> >::do_complete
0x00007ff61de2d1b0 (Unity) asio::detail::win_iocp_io_service::do_one
0x00007ff61de3089e (Unity) asio::io_service::run
0x00007ff61ddccd7a (Unity) RunAssetImportWorkerClientV2
0x00007ff61ddccdd0 (Unity) RunAssetImporterV2
0x00007ff61d8d0677 (Unity) Application::InitializeProject
0x00007ff61dcdfd77 (Unity) WinMain
0x00007ff61f80f402 (Unity) __scrt_common_main_seh
0x00007ff983b17034 (KERNEL32) BaseThreadInitThunk
0x00007ff985a82651 (ntdll) RtlUserThreadStart

========================================================================
Received Import Request.
  Time since last request: 23.326955 seconds.
  path: Assets/Scenes/AdminUtilities.unity
  artifactKey: Guid(7584eb58fa471904da5bb717110652fb) Importer(815301076,1909f56bfc062723c751e8b465ee728b)
Start importing Assets/Scenes/AdminUtilities.unity using Guid(7584eb58fa471904da5bb717110652fb) Importer(815301076,1909f56bfc062723c751e8b465ee728b)  -> (artifact id: '6cc1d345f0dc584720400294e84efce2') in 0.013236 seconds 
AssetImportWorkerClient::OnTransportError - code=2 error=End of file
